Analysis & Synthesis report for Digital_clk
Thu Feb 11 23:06:12 2021
Quartus Prime Version 16.0.0 Build 211 04/27/2016 SJ Lite Edition


---------------------
; Table of Contents ;
---------------------
  1. Legal Notice
  2. Analysis & Synthesis Summary
  3. Analysis & Synthesis Settings
  4. Parallel Compilation
  5. Analysis & Synthesis Source Files Read
  6. Analysis & Synthesis Resource Usage Summary
  7. Analysis & Synthesis Resource Utilization by Entity
  8. General Register Statistics
  9. Parameter Settings for Inferred Entity Instance: lpm_divide:Mod0
 10. Parameter Settings for Inferred Entity Instance: lpm_divide:Div0
 11. Parameter Settings for Inferred Entity Instance: lpm_divide:Mod1
 12. Parameter Settings for Inferred Entity Instance: lpm_divide:Div1
 13. Parameter Settings for Inferred Entity Instance: lpm_divide:Mod2
 14. Parameter Settings for Inferred Entity Instance: lpm_divide:Div2
 15. Post-Synthesis Netlist Statistics for Top Partition
 16. Elapsed Time Per Partition
 17. Analysis & Synthesis Messages



----------------
; Legal Notice ;
----------------
Copyright (C) 1991-2016 Altera Corporation. All rights reserved.
Your use of Altera Corporation's design tools, logic functions 
and other software and tools, and its AMPP partner logic 
functions, and any output files from any of the foregoing 
(including device programming or simulation files), and any 
associated documentation or information are expressly subject 
to the terms and conditions of the Altera Program License 
Subscription Agreement, the Altera Quartus Prime License Agreement,
the Altera MegaCore Function License Agreement, or other 
applicable license agreement, including, without limitation, 
that your use is for the sole purpose of programming logic 
devices manufactured by Altera and sold by Altera or its 
authorized distributors.  Please refer to the applicable 
agreement for further details.



+-------------------------------------------------------------------------------+
; Analysis & Synthesis Summary                                                  ;
+---------------------------------+---------------------------------------------+
; Analysis & Synthesis Status     ; Successful - Thu Feb 11 23:06:12 2021       ;
; Quartus Prime Version           ; 16.0.0 Build 211 04/27/2016 SJ Lite Edition ;
; Revision Name                   ; Digital_clk                                 ;
; Top-level Entity Name           ; Digital_clk                                 ;
; Family                          ; Cyclone V                                   ;
; Logic utilization (in ALMs)     ; N/A                                         ;
; Total registers                 ; 43                                          ;
; Total pins                      ; 44                                          ;
; Total virtual pins              ; 0                                           ;
; Total block memory bits         ; 0                                           ;
; Total DSP Blocks                ; 0                                           ;
; Total HSSI RX PCSs              ; 0                                           ;
; Total HSSI PMA RX Deserializers ; 0                                           ;
; Total HSSI TX PCSs              ; 0                                           ;
; Total HSSI PMA TX Serializers   ; 0                                           ;
; Total PLLs                      ; 0                                           ;
; Total DLLs                      ; 0                                           ;
+---------------------------------+---------------------------------------------+


+---------------------------------------------------------------------------------------------------------------------------+
; Analysis & Synthesis Settings                                                                                             ;
+---------------------------------------------------------------------------------+--------------------+--------------------+
; Option                                                                          ; Setting            ; Default Value      ;
+---------------------------------------------------------------------------------+--------------------+--------------------+
; Device                                                                          ; 5CGXFC7C7F23C8     ;                    ;
; Top-level entity name                                                           ; Digital_clk        ; Digital_clk        ;
; Family name                                                                     ; Cyclone V          ; Cyclone V          ;
; Use smart compilation                                                           ; Off                ; Off                ;
; Enable parallel Assembler and TimeQuest Timing Analyzer during compilation      ; On                 ; On                 ;
; Enable compact report table                                                     ; Off                ; Off                ;
; Restructure Multiplexers                                                        ; Auto               ; Auto               ;
; MLAB Add Timing Constraints For Mixed-Port Feed-Through Mode Setting Don't Care ; Off                ; Off                ;
; Create Debugging Nodes for IP Cores                                             ; Off                ; Off                ;
; Preserve fewer node names                                                       ; On                 ; On                 ;
; Disable OpenCore Plus hardware evaluation                                       ; Off                ; Off                ;
; Verilog Version                                                                 ; Verilog_2001       ; Verilog_2001       ;
; VHDL Version                                                                    ; VHDL_1993          ; VHDL_1993          ;
; State Machine Processing                                                        ; Auto               ; Auto               ;
; Safe State Machine                                                              ; Off                ; Off                ;
; Extract Verilog State Machines                                                  ; On                 ; On                 ;
; Extract VHDL State Machines                                                     ; On                 ; On                 ;
; Ignore Verilog initial constructs                                               ; Off                ; Off                ;
; Iteration limit for constant Verilog loops                                      ; 5000               ; 5000               ;
; Iteration limit for non-constant Verilog loops                                  ; 250                ; 250                ;
; Add Pass-Through Logic to Inferred RAMs                                         ; On                 ; On                 ;
; Infer RAMs from Raw Logic                                                       ; On                 ; On                 ;
; Parallel Synthesis                                                              ; On                 ; On                 ;
; DSP Block Balancing                                                             ; Auto               ; Auto               ;
; NOT Gate Push-Back                                                              ; On                 ; On                 ;
; Power-Up Don't Care                                                             ; On                 ; On                 ;
; Remove Redundant Logic Cells                                                    ; Off                ; Off                ;
; Remove Duplicate Registers                                                      ; On                 ; On                 ;
; Ignore CARRY Buffers                                                            ; Off                ; Off                ;
; Ignore CASCADE Buffers                                                          ; Off                ; Off                ;
; Ignore GLOBAL Buffers                                                           ; Off                ; Off                ;
; Ignore ROW GLOBAL Buffers                                                       ; Off                ; Off                ;
; Ignore LCELL Buffers                                                            ; Off                ; Off                ;
; Ignore SOFT Buffers                                                             ; On                 ; On                 ;
; Limit AHDL Integers to 32 Bits                                                  ; Off                ; Off                ;
; Optimization Technique                                                          ; Balanced           ; Balanced           ;
; Carry Chain Length                                                              ; 70                 ; 70                 ;
; Auto Carry Chains                                                               ; On                 ; On                 ;
; Auto Open-Drain Pins                                                            ; On                 ; On                 ;
; Perform WYSIWYG Primitive Resynthesis                                           ; Off                ; Off                ;
; Auto ROM Replacement                                                            ; On                 ; On                 ;
; Auto RAM Replacement                                                            ; On                 ; On                 ;
; Auto DSP Block Replacement                                                      ; On                 ; On                 ;
; Auto Shift Register Replacement                                                 ; Auto               ; Auto               ;
; Allow Shift Register Merging across Hierarchies                                 ; Auto               ; Auto               ;
; Auto Clock Enable Replacement                                                   ; On                 ; On                 ;
; Strict RAM Replacement                                                          ; Off                ; Off                ;
; Allow Synchronous Control Signals                                               ; On                 ; On                 ;
; Force Use of Synchronous Clear Signals                                          ; Off                ; Off                ;
; Auto Resource Sharing                                                           ; Off                ; Off                ;
; Allow Any RAM Size For Recognition                                              ; Off                ; Off                ;
; Allow Any ROM Size For Recognition                                              ; Off                ; Off                ;
; Allow Any Shift Register Size For Recognition                                   ; Off                ; Off                ;
; Use LogicLock Constraints during Resource Balancing                             ; On                 ; On                 ;
; Ignore translate_off and synthesis_off directives                               ; Off                ; Off                ;
; Timing-Driven Synthesis                                                         ; On                 ; On                 ;
; Report Parameter Settings                                                       ; On                 ; On                 ;
; Report Source Assignments                                                       ; On                 ; On                 ;
; Report Connectivity Checks                                                      ; On                 ; On                 ;
; Ignore Maximum Fan-Out Assignments                                              ; Off                ; Off                ;
; Synchronization Register Chain Length                                           ; 3                  ; 3                  ;
; PowerPlay Power Optimization During Synthesis                                   ; Normal compilation ; Normal compilation ;
; HDL message level                                                               ; Level2             ; Level2             ;
; Suppress Register Optimization Related Messages                                 ; Off                ; Off                ;
; Number of Removed Registers Reported in Synthesis Report                        ; 5000               ; 5000               ;
; Number of Swept Nodes Reported in Synthesis Report                              ; 5000               ; 5000               ;
; Number of Inverted Registers Reported in Synthesis Report                       ; 100                ; 100                ;
; Clock MUX Protection                                                            ; On                 ; On                 ;
; Auto Gated Clock Conversion                                                     ; Off                ; Off                ;
; Block Design Naming                                                             ; Auto               ; Auto               ;
; SDC constraint protection                                                       ; Off                ; Off                ;
; Synthesis Effort                                                                ; Auto               ; Auto               ;
; Shift Register Replacement - Allow Asynchronous Clear Signal                    ; On                 ; On                 ;
; Pre-Mapping Resynthesis Optimization                                            ; Off                ; Off                ;
; Analysis & Synthesis Message Level                                              ; Medium             ; Medium             ;
; Disable Register Merging Across Hierarchies                                     ; Auto               ; Auto               ;
; Resource Aware Inference For Block RAM                                          ; On                 ; On                 ;
; Synthesis Seed                                                                  ; 1                  ; 1                  ;
; Automatic Parallel Synthesis                                                    ; On                 ; On                 ;
; Partial Reconfiguration Bitstream ID                                            ; Off                ; Off                ;
+---------------------------------------------------------------------------------+--------------------+--------------------+


+------------------------------------------+
; Parallel Compilation                     ;
+----------------------------+-------------+
; Processors                 ; Number      ;
+----------------------------+-------------+
; Number detected on machine ; 4           ;
; Maximum allowed            ; 2           ;
;                            ;             ;
; Average used               ; 1.00        ;
; Maximum used               ; 2           ;
;                            ;             ;
; Usage by Processor         ; % Time Used ;
;     Processor 1            ; 100.0%      ;
;     Processor 2            ;   0.0%      ;
+----------------------------+-------------+


+-----------------------------------------------------------------------------------------------------------------------------------------------------------------------+
; Analysis & Synthesis Source Files Read                                                                                                                                ;
+----------------------------------+-----------------+------------------------------+-------------------------------------------------------------------------+---------+
; File Name with User-Entered Path ; Used in Netlist ; File Type                    ; File Name with Absolute Path                                            ; Library ;
+----------------------------------+-----------------+------------------------------+-------------------------------------------------------------------------+---------+
; seven_segment_decoder1.v         ; yes             ; User Verilog HDL File        ; C:/altera_lite/16.0/Digital_clock/seven_segment_decoder1.v              ;         ;
; Digital_clk_impl.v               ; yes             ; User Verilog HDL File        ; C:/altera_lite/16.0/Digital_clock/Digital_clk_impl.v                    ;         ;
; Digital_clk.v                    ; yes             ; User Verilog HDL File        ; C:/altera_lite/16.0/Digital_clock/Digital_clk.v                         ;         ;
; lpm_divide.tdf                   ; yes             ; Megafunction                 ; c:/altera_lite/16.0/quartus/libraries/megafunctions/lpm_divide.tdf      ;         ;
; abs_divider.inc                  ; yes             ; Megafunction                 ; c:/altera_lite/16.0/quartus/libraries/megafunctions/abs_divider.inc     ;         ;
; sign_div_unsign.inc              ; yes             ; Megafunction                 ; c:/altera_lite/16.0/quartus/libraries/megafunctions/sign_div_unsign.inc ;         ;
; aglobal160.inc                   ; yes             ; Megafunction                 ; c:/altera_lite/16.0/quartus/libraries/megafunctions/aglobal160.inc      ;         ;
; db/lpm_divide_62m.tdf            ; yes             ; Auto-Generated Megafunction  ; C:/altera_lite/16.0/Digital_clock/db/lpm_divide_62m.tdf                 ;         ;
; db/sign_div_unsign_9kh.tdf       ; yes             ; Auto-Generated Megafunction  ; C:/altera_lite/16.0/Digital_clock/db/sign_div_unsign_9kh.tdf            ;         ;
; db/alt_u_div_ose.tdf             ; yes             ; Auto-Generated Megafunction  ; C:/altera_lite/16.0/Digital_clock/db/alt_u_div_ose.tdf                  ;         ;
; db/lpm_divide_3am.tdf            ; yes             ; Auto-Generated Megafunction  ; C:/altera_lite/16.0/Digital_clock/db/lpm_divide_3am.tdf                 ;         ;
; db/lpm_divide_52m.tdf            ; yes             ; Auto-Generated Megafunction  ; C:/altera_lite/16.0/Digital_clock/db/lpm_divide_52m.tdf                 ;         ;
; db/sign_div_unsign_8kh.tdf       ; yes             ; Auto-Generated Megafunction  ; C:/altera_lite/16.0/Digital_clock/db/sign_div_unsign_8kh.tdf            ;         ;
; db/alt_u_div_mse.tdf             ; yes             ; Auto-Generated Megafunction  ; C:/altera_lite/16.0/Digital_clock/db/alt_u_div_mse.tdf                  ;         ;
; db/lpm_divide_2am.tdf            ; yes             ; Auto-Generated Megafunction  ; C:/altera_lite/16.0/Digital_clock/db/lpm_divide_2am.tdf                 ;         ;
+----------------------------------+-----------------+------------------------------+-------------------------------------------------------------------------+---------+


+---------------------------------------------------------------+
; Analysis & Synthesis Resource Usage Summary                   ;
+---------------------------------------------+-----------------+
; Resource                                    ; Usage           ;
+---------------------------------------------+-----------------+
; Estimate of Logic utilization (ALMs needed) ; 128             ;
;                                             ;                 ;
; Combinational ALUT usage for logic          ; 241             ;
;     -- 7 input functions                    ; 0               ;
;     -- 6 input functions                    ; 14              ;
;     -- 5 input functions                    ; 11              ;
;     -- 4 input functions                    ; 27              ;
;     -- <=3 input functions                  ; 189             ;
;                                             ;                 ;
; Dedicated logic registers                   ; 43              ;
;                                             ;                 ;
; I/O pins                                    ; 44              ;
;                                             ;                 ;
; Total DSP Blocks                            ; 0               ;
;                                             ;                 ;
; Maximum fan-out node                        ; clk_50MHz~input ;
; Maximum fan-out                             ; 26              ;
; Total fan-out                               ; 891             ;
; Average fan-out                             ; 2.40            ;
+---------------------------------------------+-----------------+


+-----------------------------------------------------------------------------------------------------------------------------------------------------------------------------------------------------------------------------------------------------------------------------------------+
; Analysis & Synthesis Resource Utilization by Entity                                                                                                                                                                                                                                     ;
+----------------------------------------+-------------------+--------------+-------------------+------------+------+--------------+--------------------------------------------------------------------------------------------------------------+------------------------+--------------+
; Compilation Hierarchy Node             ; LC Combinationals ; LC Registers ; Block Memory Bits ; DSP Blocks ; Pins ; Virtual Pins ; Full Hierarchy Name                                                                                          ; Entity Name            ; Library Name ;
+----------------------------------------+-------------------+--------------+-------------------+------------+------+--------------+--------------------------------------------------------------------------------------------------------------+------------------------+--------------+
; |Digital_clk                           ; 241 (31)          ; 43 (26)      ; 0                 ; 0          ; 44   ; 0            ; |Digital_clk                                                                                                 ; Digital_clk            ; work         ;
;    |Digital_clk_impl:impl|             ; 20 (20)           ; 17 (17)      ; 0                 ; 0          ; 0    ; 0            ; |Digital_clk|Digital_clk_impl:impl                                                                           ; Digital_clk_impl       ; work         ;
;    |lpm_divide:Div0|                   ; 27 (0)            ; 0 (0)        ; 0                 ; 0          ; 0    ; 0            ; |Digital_clk|lpm_divide:Div0                                                                                 ; lpm_divide             ; work         ;
;       |lpm_divide_3am:auto_generated|  ; 27 (0)            ; 0 (0)        ; 0                 ; 0          ; 0    ; 0            ; |Digital_clk|lpm_divide:Div0|lpm_divide_3am:auto_generated                                                   ; lpm_divide_3am         ; work         ;
;          |sign_div_unsign_9kh:divider| ; 27 (0)            ; 0 (0)        ; 0                 ; 0          ; 0    ; 0            ; |Digital_clk|lpm_divide:Div0|lpm_divide_3am:auto_generated|sign_div_unsign_9kh:divider                       ; sign_div_unsign_9kh    ; work         ;
;             |alt_u_div_ose:divider|    ; 27 (27)           ; 0 (0)        ; 0                 ; 0          ; 0    ; 0            ; |Digital_clk|lpm_divide:Div0|lpm_divide_3am:auto_generated|sign_div_unsign_9kh:divider|alt_u_div_ose:divider ; alt_u_div_ose          ; work         ;
;    |lpm_divide:Div1|                   ; 27 (0)            ; 0 (0)        ; 0                 ; 0          ; 0    ; 0            ; |Digital_clk|lpm_divide:Div1                                                                                 ; lpm_divide             ; work         ;
;       |lpm_divide_3am:auto_generated|  ; 27 (0)            ; 0 (0)        ; 0                 ; 0          ; 0    ; 0            ; |Digital_clk|lpm_divide:Div1|lpm_divide_3am:auto_generated                                                   ; lpm_divide_3am         ; work         ;
;          |sign_div_unsign_9kh:divider| ; 27 (0)            ; 0 (0)        ; 0                 ; 0          ; 0    ; 0            ; |Digital_clk|lpm_divide:Div1|lpm_divide_3am:auto_generated|sign_div_unsign_9kh:divider                       ; sign_div_unsign_9kh    ; work         ;
;             |alt_u_div_ose:divider|    ; 27 (27)           ; 0 (0)        ; 0                 ; 0          ; 0    ; 0            ; |Digital_clk|lpm_divide:Div1|lpm_divide_3am:auto_generated|sign_div_unsign_9kh:divider|alt_u_div_ose:divider ; alt_u_div_ose          ; work         ;
;    |lpm_divide:Div2|                   ; 16 (0)            ; 0 (0)        ; 0                 ; 0          ; 0    ; 0            ; |Digital_clk|lpm_divide:Div2                                                                                 ; lpm_divide             ; work         ;
;       |lpm_divide_2am:auto_generated|  ; 16 (0)            ; 0 (0)        ; 0                 ; 0          ; 0    ; 0            ; |Digital_clk|lpm_divide:Div2|lpm_divide_2am:auto_generated                                                   ; lpm_divide_2am         ; work         ;
;          |sign_div_unsign_8kh:divider| ; 16 (0)            ; 0 (0)        ; 0                 ; 0          ; 0    ; 0            ; |Digital_clk|lpm_divide:Div2|lpm_divide_2am:auto_generated|sign_div_unsign_8kh:divider                       ; sign_div_unsign_8kh    ; work         ;
;             |alt_u_div_mse:divider|    ; 16 (16)           ; 0 (0)        ; 0                 ; 0          ; 0    ; 0            ; |Digital_clk|lpm_divide:Div2|lpm_divide_2am:auto_generated|sign_div_unsign_8kh:divider|alt_u_div_mse:divider ; alt_u_div_mse          ; work         ;
;    |lpm_divide:Mod0|                   ; 31 (0)            ; 0 (0)        ; 0                 ; 0          ; 0    ; 0            ; |Digital_clk|lpm_divide:Mod0                                                                                 ; lpm_divide             ; work         ;
;       |lpm_divide_62m:auto_generated|  ; 31 (0)            ; 0 (0)        ; 0                 ; 0          ; 0    ; 0            ; |Digital_clk|lpm_divide:Mod0|lpm_divide_62m:auto_generated                                                   ; lpm_divide_62m         ; work         ;
;          |sign_div_unsign_9kh:divider| ; 31 (0)            ; 0 (0)        ; 0                 ; 0          ; 0    ; 0            ; |Digital_clk|lpm_divide:Mod0|lpm_divide_62m:auto_generated|sign_div_unsign_9kh:divider                       ; sign_div_unsign_9kh    ; work         ;
;             |alt_u_div_ose:divider|    ; 31 (31)           ; 0 (0)        ; 0                 ; 0          ; 0    ; 0            ; |Digital_clk|lpm_divide:Mod0|lpm_divide_62m:auto_generated|sign_div_unsign_9kh:divider|alt_u_div_ose:divider ; alt_u_div_ose          ; work         ;
;    |lpm_divide:Mod1|                   ; 31 (0)            ; 0 (0)        ; 0                 ; 0          ; 0    ; 0            ; |Digital_clk|lpm_divide:Mod1                                                                                 ; lpm_divide             ; work         ;
;       |lpm_divide_62m:auto_generated|  ; 31 (0)            ; 0 (0)        ; 0                 ; 0          ; 0    ; 0            ; |Digital_clk|lpm_divide:Mod1|lpm_divide_62m:auto_generated                                                   ; lpm_divide_62m         ; work         ;
;          |sign_div_unsign_9kh:divider| ; 31 (0)            ; 0 (0)        ; 0                 ; 0          ; 0    ; 0            ; |Digital_clk|lpm_divide:Mod1|lpm_divide_62m:auto_generated|sign_div_unsign_9kh:divider                       ; sign_div_unsign_9kh    ; work         ;
;             |alt_u_div_ose:divider|    ; 31 (31)           ; 0 (0)        ; 0                 ; 0          ; 0    ; 0            ; |Digital_clk|lpm_divide:Mod1|lpm_divide_62m:auto_generated|sign_div_unsign_9kh:divider|alt_u_div_ose:divider ; alt_u_div_ose          ; work         ;
;    |lpm_divide:Mod2|                   ; 20 (0)            ; 0 (0)        ; 0                 ; 0          ; 0    ; 0            ; |Digital_clk|lpm_divide:Mod2                                                                                 ; lpm_divide             ; work         ;
;       |lpm_divide_52m:auto_generated|  ; 20 (0)            ; 0 (0)        ; 0                 ; 0          ; 0    ; 0            ; |Digital_clk|lpm_divide:Mod2|lpm_divide_52m:auto_generated                                                   ; lpm_divide_52m         ; work         ;
;          |sign_div_unsign_8kh:divider| ; 20 (0)            ; 0 (0)        ; 0                 ; 0          ; 0    ; 0            ; |Digital_clk|lpm_divide:Mod2|lpm_divide_52m:auto_generated|sign_div_unsign_8kh:divider                       ; sign_div_unsign_8kh    ; work         ;
;             |alt_u_div_mse:divider|    ; 20 (20)           ; 0 (0)        ; 0                 ; 0          ; 0    ; 0            ; |Digital_clk|lpm_divide:Mod2|lpm_divide_52m:auto_generated|sign_div_unsign_8kh:divider|alt_u_div_mse:divider ; alt_u_div_mse          ; work         ;
;    |seven_segment_decoder1:dHourA|     ; 7 (7)             ; 0 (0)        ; 0                 ; 0          ; 0    ; 0            ; |Digital_clk|seven_segment_decoder1:dHourA                                                                   ; seven_segment_decoder1 ; work         ;
;    |seven_segment_decoder1:dHourB|     ; 3 (3)             ; 0 (0)        ; 0                 ; 0          ; 0    ; 0            ; |Digital_clk|seven_segment_decoder1:dHourB                                                                   ; seven_segment_decoder1 ; work         ;
;    |seven_segment_decoder1:dMinA|      ; 7 (7)             ; 0 (0)        ; 0                 ; 0          ; 0    ; 0            ; |Digital_clk|seven_segment_decoder1:dMinA                                                                    ; seven_segment_decoder1 ; work         ;
;    |seven_segment_decoder1:dMinB|      ; 7 (7)             ; 0 (0)        ; 0                 ; 0          ; 0    ; 0            ; |Digital_clk|seven_segment_decoder1:dMinB                                                                    ; seven_segment_decoder1 ; work         ;
;    |seven_segment_decoder1:dSecA|      ; 7 (7)             ; 0 (0)        ; 0                 ; 0          ; 0    ; 0            ; |Digital_clk|seven_segment_decoder1:dSecA                                                                    ; seven_segment_decoder1 ; work         ;
;    |seven_segment_decoder1:dSecB|      ; 7 (7)             ; 0 (0)        ; 0                 ; 0          ; 0    ; 0            ; |Digital_clk|seven_segment_decoder1:dSecB                                                                    ; seven_segment_decoder1 ; work         ;
+----------------------------------------+-------------------+--------------+-------------------+------------+------+--------------+--------------------------------------------------------------------------------------------------------------+------------------------+--------------+
Note: For table entries with two numbers listed, the numbers in parentheses indicate the number of resources of the given type used by the specific entity alone. The numbers listed outside of parentheses indicate the total resources of the given type used by the specific entity and all of its sub-entities in the hierarchy.


+------------------------------------------------------+
; General Register Statistics                          ;
+----------------------------------------------+-------+
; Statistic                                    ; Value ;
+----------------------------------------------+-------+
; Total registers                              ; 43    ;
; Number of registers using Synchronous Clear  ; 25    ;
; Number of registers using Synchronous Load   ; 0     ;
; Number of registers using Asynchronous Clear ; 17    ;
; Number of registers using Asynchronous Load  ; 0     ;
; Number of registers using Clock Enable       ; 11    ;
; Number of registers using Preset             ; 0     ;
+----------------------------------------------+-------+


+------------------------------------------------------------------+
; Parameter Settings for Inferred Entity Instance: lpm_divide:Mod0 ;
+------------------------+----------------+------------------------+
; Parameter Name         ; Value          ; Type                   ;
+------------------------+----------------+------------------------+
; LPM_WIDTHN             ; 6              ; Untyped                ;
; LPM_WIDTHD             ; 4              ; Untyped                ;
; LPM_NREPRESENTATION    ; UNSIGNED       ; Untyped                ;
; LPM_DREPRESENTATION    ; UNSIGNED       ; Untyped                ;
; LPM_PIPELINE           ; 0              ; Untyped                ;
; LPM_REMAINDERPOSITIVE  ; TRUE           ; Untyped                ;
; MAXIMIZE_SPEED         ; 5              ; Untyped                ;
; CBXI_PARAMETER         ; lpm_divide_62m ; Untyped                ;
; CARRY_CHAIN            ; MANUAL         ; Untyped                ;
; OPTIMIZE_FOR_SPEED     ; 5              ; Untyped                ;
; AUTO_CARRY_CHAINS      ; ON             ; AUTO_CARRY             ;
; IGNORE_CARRY_BUFFERS   ; OFF            ; IGNORE_CARRY           ;
; AUTO_CASCADE_CHAINS    ; ON             ; AUTO_CASCADE           ;
; IGNORE_CASCADE_BUFFERS ; OFF            ; IGNORE_CASCADE         ;
+------------------------+----------------+------------------------+
Note: In order to hide this table in the UI and the text report file, please set the "Show Parameter Settings in Synthesis Report" option in "Analysis and Synthesis Settings -> More Settings" to "Off".


+------------------------------------------------------------------+
; Parameter Settings for Inferred Entity Instance: lpm_divide:Div0 ;
+------------------------+----------------+------------------------+
; Parameter Name         ; Value          ; Type                   ;
+------------------------+----------------+------------------------+
; LPM_WIDTHN             ; 6              ; Untyped                ;
; LPM_WIDTHD             ; 4              ; Untyped                ;
; LPM_NREPRESENTATION    ; UNSIGNED       ; Untyped                ;
; LPM_DREPRESENTATION    ; UNSIGNED       ; Untyped                ;
; LPM_PIPELINE           ; 0              ; Untyped                ;
; LPM_REMAINDERPOSITIVE  ; TRUE           ; Untyped                ;
; MAXIMIZE_SPEED         ; 5              ; Untyped                ;
; CBXI_PARAMETER         ; lpm_divide_3am ; Untyped                ;
; CARRY_CHAIN            ; MANUAL         ; Untyped                ;
; OPTIMIZE_FOR_SPEED     ; 5              ; Untyped                ;
; AUTO_CARRY_CHAINS      ; ON             ; AUTO_CARRY             ;
; IGNORE_CARRY_BUFFERS   ; OFF            ; IGNORE_CARRY           ;
; AUTO_CASCADE_CHAINS    ; ON             ; AUTO_CASCADE           ;
; IGNORE_CASCADE_BUFFERS ; OFF            ; IGNORE_CASCADE         ;
+------------------------+----------------+------------------------+
Note: In order to hide this table in the UI and the text report file, please set the "Show Parameter Settings in Synthesis Report" option in "Analysis and Synthesis Settings -> More Settings" to "Off".


+------------------------------------------------------------------+
; Parameter Settings for Inferred Entity Instance: lpm_divide:Mod1 ;
+------------------------+----------------+------------------------+
; Parameter Name         ; Value          ; Type                   ;
+------------------------+----------------+------------------------+
; LPM_WIDTHN             ; 6              ; Untyped                ;
; LPM_WIDTHD             ; 4              ; Untyped                ;
; LPM_NREPRESENTATION    ; UNSIGNED       ; Untyped                ;
; LPM_DREPRESENTATION    ; UNSIGNED       ; Untyped                ;
; LPM_PIPELINE           ; 0              ; Untyped                ;
; LPM_REMAINDERPOSITIVE  ; TRUE           ; Untyped                ;
; MAXIMIZE_SPEED         ; 5              ; Untyped                ;
; CBXI_PARAMETER         ; lpm_divide_62m ; Untyped                ;
; CARRY_CHAIN            ; MANUAL         ; Untyped                ;
; OPTIMIZE_FOR_SPEED     ; 5              ; Untyped                ;
; AUTO_CARRY_CHAINS      ; ON             ; AUTO_CARRY             ;
; IGNORE_CARRY_BUFFERS   ; OFF            ; IGNORE_CARRY           ;
; AUTO_CASCADE_CHAINS    ; ON             ; AUTO_CASCADE           ;
; IGNORE_CASCADE_BUFFERS ; OFF            ; IGNORE_CASCADE         ;
+------------------------+----------------+------------------------+
Note: In order to hide this table in the UI and the text report file, please set the "Show Parameter Settings in Synthesis Report" option in "Analysis and Synthesis Settings -> More Settings" to "Off".


+------------------------------------------------------------------+
; Parameter Settings for Inferred Entity Instance: lpm_divide:Div1 ;
+------------------------+----------------+------------------------+
; Parameter Name         ; Value          ; Type                   ;
+------------------------+----------------+------------------------+
; LPM_WIDTHN             ; 6              ; Untyped                ;
; LPM_WIDTHD             ; 4              ; Untyped                ;
; LPM_NREPRESENTATION    ; UNSIGNED       ; Untyped                ;
; LPM_DREPRESENTATION    ; UNSIGNED       ; Untyped                ;
; LPM_PIPELINE           ; 0              ; Untyped                ;
; LPM_REMAINDERPOSITIVE  ; TRUE           ; Untyped                ;
; MAXIMIZE_SPEED         ; 5              ; Untyped                ;
; CBXI_PARAMETER         ; lpm_divide_3am ; Untyped                ;
; CARRY_CHAIN            ; MANUAL         ; Untyped                ;
; OPTIMIZE_FOR_SPEED     ; 5              ; Untyped                ;
; AUTO_CARRY_CHAINS      ; ON             ; AUTO_CARRY             ;
; IGNORE_CARRY_BUFFERS   ; OFF            ; IGNORE_CARRY           ;
; AUTO_CASCADE_CHAINS    ; ON             ; AUTO_CASCADE           ;
; IGNORE_CASCADE_BUFFERS ; OFF            ; IGNORE_CASCADE         ;
+------------------------+----------------+------------------------+
Note: In order to hide this table in the UI and the text report file, please set the "Show Parameter Settings in Synthesis Report" option in "Analysis and Synthesis Settings -> More Settings" to "Off".


+------------------------------------------------------------------+
; Parameter Settings for Inferred Entity Instance: lpm_divide:Mod2 ;
+------------------------+----------------+------------------------+
; Parameter Name         ; Value          ; Type                   ;
+------------------------+----------------+------------------------+
; LPM_WIDTHN             ; 5              ; Untyped                ;
; LPM_WIDTHD             ; 4              ; Untyped                ;
; LPM_NREPRESENTATION    ; UNSIGNED       ; Untyped                ;
; LPM_DREPRESENTATION    ; UNSIGNED       ; Untyped                ;
; LPM_PIPELINE           ; 0              ; Untyped                ;
; LPM_REMAINDERPOSITIVE  ; TRUE           ; Untyped                ;
; MAXIMIZE_SPEED         ; 5              ; Untyped                ;
; CBXI_PARAMETER         ; lpm_divide_52m ; Untyped                ;
; CARRY_CHAIN            ; MANUAL         ; Untyped                ;
; OPTIMIZE_FOR_SPEED     ; 5              ; Untyped                ;
; AUTO_CARRY_CHAINS      ; ON             ; AUTO_CARRY             ;
; IGNORE_CARRY_BUFFERS   ; OFF            ; IGNORE_CARRY           ;
; AUTO_CASCADE_CHAINS    ; ON             ; AUTO_CASCADE           ;
; IGNORE_CASCADE_BUFFERS ; OFF            ; IGNORE_CASCADE         ;
+------------------------+----------------+------------------------+
Note: In order to hide this table in the UI and the text report file, please set the "Show Parameter Settings in Synthesis Report" option in "Analysis and Synthesis Settings -> More Settings" to "Off".


+------------------------------------------------------------------+
; Parameter Settings for Inferred Entity Instance: lpm_divide:Div2 ;
+------------------------+----------------+------------------------+
; Parameter Name         ; Value          ; Type                   ;
+------------------------+----------------+------------------------+
; LPM_WIDTHN             ; 5              ; Untyped                ;
; LPM_WIDTHD             ; 4              ; Untyped                ;
; LPM_NREPRESENTATION    ; UNSIGNED       ; Untyped                ;
; LPM_DREPRESENTATION    ; UNSIGNED       ; Untyped                ;
; LPM_PIPELINE           ; 0              ; Untyped                ;
; LPM_REMAINDERPOSITIVE  ; TRUE           ; Untyped                ;
; MAXIMIZE_SPEED         ; 5              ; Untyped                ;
; CBXI_PARAMETER         ; lpm_divide_2am ; Untyped                ;
; CARRY_CHAIN            ; MANUAL         ; Untyped                ;
; OPTIMIZE_FOR_SPEED     ; 5              ; Untyped                ;
; AUTO_CARRY_CHAINS      ; ON             ; AUTO_CARRY             ;
; IGNORE_CARRY_BUFFERS   ; OFF            ; IGNORE_CARRY           ;
; AUTO_CASCADE_CHAINS    ; ON             ; AUTO_CASCADE           ;
; IGNORE_CASCADE_BUFFERS ; OFF            ; IGNORE_CASCADE         ;
+------------------------+----------------+------------------------+
Note: In order to hide this table in the UI and the text report file, please set the "Show Parameter Settings in Synthesis Report" option in "Analysis and Synthesis Settings -> More Settings" to "Off".


+-----------------------------------------------------+
; Post-Synthesis Netlist Statistics for Top Partition ;
+-----------------------+-----------------------------+
; Type                  ; Count                       ;
+-----------------------+-----------------------------+
; arriav_ff             ; 43                          ;
;     CLR               ; 6                           ;
;     ENA CLR           ; 11                          ;
;     SCLR              ; 25                          ;
;     plain             ; 1                           ;
; arriav_lcell_comb     ; 248                         ;
;     arith             ; 95                          ;
;         0 data inputs ; 20                          ;
;         1 data inputs ; 35                          ;
;         2 data inputs ; 12                          ;
;         3 data inputs ; 24                          ;
;         4 data inputs ; 4                           ;
;     normal            ; 123                         ;
;         0 data inputs ; 1                           ;
;         1 data inputs ; 9                           ;
;         2 data inputs ; 41                          ;
;         3 data inputs ; 24                          ;
;         4 data inputs ; 23                          ;
;         5 data inputs ; 11                          ;
;         6 data inputs ; 14                          ;
;     shared            ; 30                          ;
;         0 data inputs ; 6                           ;
;         1 data inputs ; 24                          ;
; boundary_port         ; 44                          ;
;                       ;                             ;
; Max LUT depth         ; 8.10                        ;
; Average LUT depth     ; 5.76                        ;
+-----------------------+-----------------------------+


+-------------------------------+
; Elapsed Time Per Partition    ;
+----------------+--------------+
; Partition Name ; Elapsed Time ;
+----------------+--------------+
; Top            ; 00:00:04     ;
+----------------+--------------+


+-------------------------------+
; Analysis & Synthesis Messages ;
+-------------------------------+
Info: *******************************************************************
Info: Running Quartus Prime Analysis & Synthesis
    Info: Version 16.0.0 Build 211 04/27/2016 SJ Lite Edition
    Info: Processing started: Thu Feb 11 23:05:40 2021
Info: Command: quartus_map --read_settings_files=on --write_settings_files=off Digital_clk -c Digital_clk
Warning (18236): Number of processors has not been specified which may cause overloading on shared machines.  Set the global assignment NUM_PARALLEL_PROCESSORS in your QSF to an appropriate value for best performance.
Info (20030): Parallel compilation is enabled and will use 2 of the 2 processors detected
Info (12021): Found 1 design units, including 1 entities, in source file seven_segment_decoder1.v
    Info (12023): Found entity 1: seven_segment_decoder1 File: C:/altera_lite/16.0/Digital_clock/seven_segment_decoder1.v Line: 1
Info (12021): Found 1 design units, including 1 entities, in source file digital_clk_tb.v
    Info (12023): Found entity 1: Digital_clk_tb File: C:/altera_lite/16.0/Digital_clock/Digital_clk_tb.v Line: 2
Info (12021): Found 1 design units, including 1 entities, in source file digital_clk_impl.v
    Info (12023): Found entity 1: Digital_clk_impl File: C:/altera_lite/16.0/Digital_clock/Digital_clk_impl.v Line: 1
Info (12021): Found 1 design units, including 1 entities, in source file digital_clk.v
    Info (12023): Found entity 1: Digital_clk File: C:/altera_lite/16.0/Digital_clock/Digital_clk.v Line: 1
Info (12127): Elaborating entity "Digital_clk" for the top level hierarchy
Warning (10230): Verilog HDL assignment warning at Digital_clk.v(44): truncated value with size 32 to match size of target (25) File: C:/altera_lite/16.0/Digital_clock/Digital_clk.v Line: 44
Warning (10230): Verilog HDL assignment warning at Digital_clk.v(52): truncated value with size 32 to match size of target (4) File: C:/altera_lite/16.0/Digital_clock/Digital_clk.v Line: 52
Warning (10230): Verilog HDL assignment warning at Digital_clk.v(53): truncated value with size 32 to match size of target (4) File: C:/altera_lite/16.0/Digital_clock/Digital_clk.v Line: 53
Warning (10230): Verilog HDL assignment warning at Digital_clk.v(57): truncated value with size 32 to match size of target (4) File: C:/altera_lite/16.0/Digital_clock/Digital_clk.v Line: 57
Warning (10230): Verilog HDL assignment warning at Digital_clk.v(58): truncated value with size 32 to match size of target (4) File: C:/altera_lite/16.0/Digital_clock/Digital_clk.v Line: 58
Warning (10230): Verilog HDL assignment warning at Digital_clk.v(62): truncated value with size 32 to match size of target (4) File: C:/altera_lite/16.0/Digital_clock/Digital_clk.v Line: 62
Warning (10230): Verilog HDL assignment warning at Digital_clk.v(63): truncated value with size 32 to match size of target (4) File: C:/altera_lite/16.0/Digital_clock/Digital_clk.v Line: 63
Info (12128): Elaborating entity "Digital_clk_impl" for hierarchy "Digital_clk_impl:impl" File: C:/altera_lite/16.0/Digital_clock/Digital_clk.v Line: 26
Warning (10230): Verilog HDL assignment warning at Digital_clk_impl.v(30): truncated value with size 32 to match size of target (6) File: C:/altera_lite/16.0/Digital_clock/Digital_clk_impl.v Line: 30
Warning (10230): Verilog HDL assignment warning at Digital_clk_impl.v(33): truncated value with size 32 to match size of target (6) File: C:/altera_lite/16.0/Digital_clock/Digital_clk_impl.v Line: 33
Warning (10230): Verilog HDL assignment warning at Digital_clk_impl.v(36): truncated value with size 32 to match size of target (5) File: C:/altera_lite/16.0/Digital_clock/Digital_clk_impl.v Line: 36
Info (12128): Elaborating entity "seven_segment_decoder1" for hierarchy "seven_segment_decoder1:dSecA" File: C:/altera_lite/16.0/Digital_clock/Digital_clk.v Line: 29
Info (278001): Inferred 6 megafunctions from design logic
    Info (278004): Inferred divider/modulo megafunction ("lpm_divide") from the following logic: "Mod0" File: C:/altera_lite/16.0/Digital_clock/Digital_clk.v Line: 52
    Info (278004): Inferred divider/modulo megafunction ("lpm_divide") from the following logic: "Div0" File: C:/altera_lite/16.0/Digital_clock/Digital_clk.v Line: 53
    Info (278004): Inferred divider/modulo megafunction ("lpm_divide") from the following logic: "Mod1" File: C:/altera_lite/16.0/Digital_clock/Digital_clk.v Line: 57
    Info (278004): Inferred divider/modulo megafunction ("lpm_divide") from the following logic: "Div1" File: C:/altera_lite/16.0/Digital_clock/Digital_clk.v Line: 58
    Info (278004): Inferred divider/modulo megafunction ("lpm_divide") from the following logic: "Mod2" File: C:/altera_lite/16.0/Digital_clock/Digital_clk.v Line: 62
    Info (278004): Inferred divider/modulo megafunction ("lpm_divide") from the following logic: "Div2" File: C:/altera_lite/16.0/Digital_clock/Digital_clk.v Line: 63
Info (12130): Elaborated megafunction instantiation "lpm_divide:Mod0" File: C:/altera_lite/16.0/Digital_clock/Digital_clk.v Line: 52
Info (12133): Instantiated megafunction "lpm_divide:Mod0" with the following parameter: File: C:/altera_lite/16.0/Digital_clock/Digital_clk.v Line: 52
    Info (12134): Parameter "LPM_WIDTHN" = "6"
    Info (12134): Parameter "LPM_WIDTHD" = "4"
    Info (12134): Parameter "LPM_NREPRESENTATION" = "UNSIGNED"
    Info (12134): Parameter "LPM_DREPRESENTATION" = "UNSIGNED"
Info (12021): Found 1 design units, including 1 entities, in source file db/lpm_divide_62m.tdf
    Info (12023): Found entity 1: lpm_divide_62m File: C:/altera_lite/16.0/Digital_clock/db/lpm_divide_62m.tdf Line: 25
Info (12021): Found 1 design units, including 1 entities, in source file db/sign_div_unsign_9kh.tdf
    Info (12023): Found entity 1: sign_div_unsign_9kh File: C:/altera_lite/16.0/Digital_clock/db/sign_div_unsign_9kh.tdf Line: 25
Info (12021): Found 1 design units, including 1 entities, in source file db/alt_u_div_ose.tdf
    Info (12023): Found entity 1: alt_u_div_ose File: C:/altera_lite/16.0/Digital_clock/db/alt_u_div_ose.tdf Line: 23
Info (12130): Elaborated megafunction instantiation "lpm_divide:Div0" File: C:/altera_lite/16.0/Digital_clock/Digital_clk.v Line: 53
Info (12133): Instantiated megafunction "lpm_divide:Div0" with the following parameter: File: C:/altera_lite/16.0/Digital_clock/Digital_clk.v Line: 53
    Info (12134): Parameter "LPM_WIDTHN" = "6"
    Info (12134): Parameter "LPM_WIDTHD" = "4"
    Info (12134): Parameter "LPM_NREPRESENTATION" = "UNSIGNED"
    Info (12134): Parameter "LPM_DREPRESENTATION" = "UNSIGNED"
Info (12021): Found 1 design units, including 1 entities, in source file db/lpm_divide_3am.tdf
    Info (12023): Found entity 1: lpm_divide_3am File: C:/altera_lite/16.0/Digital_clock/db/lpm_divide_3am.tdf Line: 25
Info (12130): Elaborated megafunction instantiation "lpm_divide:Mod2" File: C:/altera_lite/16.0/Digital_clock/Digital_clk.v Line: 62
Info (12133): Instantiated megafunction "lpm_divide:Mod2" with the following parameter: File: C:/altera_lite/16.0/Digital_clock/Digital_clk.v Line: 62
    Info (12134): Parameter "LPM_WIDTHN" = "5"
    Info (12134): Parameter "LPM_WIDTHD" = "4"
    Info (12134): Parameter "LPM_NREPRESENTATION" = "UNSIGNED"
    Info (12134): Parameter "LPM_DREPRESENTATION" = "UNSIGNED"
Info (12021): Found 1 design units, including 1 entities, in source file db/lpm_divide_52m.tdf
    Info (12023): Found entity 1: lpm_divide_52m File: C:/altera_lite/16.0/Digital_clock/db/lpm_divide_52m.tdf Line: 25
Info (12021): Found 1 design units, including 1 entities, in source file db/sign_div_unsign_8kh.tdf
    Info (12023): Found entity 1: sign_div_unsign_8kh File: C:/altera_lite/16.0/Digital_clock/db/sign_div_unsign_8kh.tdf Line: 25
Info (12021): Found 1 design units, including 1 entities, in source file db/alt_u_div_mse.tdf
    Info (12023): Found entity 1: alt_u_div_mse File: C:/altera_lite/16.0/Digital_clock/db/alt_u_div_mse.tdf Line: 23
Info (12130): Elaborated megafunction instantiation "lpm_divide:Div2" File: C:/altera_lite/16.0/Digital_clock/Digital_clk.v Line: 63
Info (12133): Instantiated megafunction "lpm_divide:Div2" with the following parameter: File: C:/altera_lite/16.0/Digital_clock/Digital_clk.v Line: 63
    Info (12134): Parameter "LPM_WIDTHN" = "5"
    Info (12134): Parameter "LPM_WIDTHD" = "4"
    Info (12134): Parameter "LPM_NREPRESENTATION" = "UNSIGNED"
    Info (12134): Parameter "LPM_DREPRESENTATION" = "UNSIGNED"
Info (12021): Found 1 design units, including 1 entities, in source file db/lpm_divide_2am.tdf
    Info (12023): Found entity 1: lpm_divide_2am File: C:/altera_lite/16.0/Digital_clock/db/lpm_divide_2am.tdf Line: 25
Warning (13024): Output pins are stuck at VCC or GND
    Warning (13410): Pin "hoursB[1]" is stuck at GND File: C:/altera_lite/16.0/Digital_clock/Digital_clk.v Line: 9
Info (286030): Timing-Driven Synthesis is running
Info (16010): Generating hard_block partition "hard_block:auto_generated_inst"
    Info (16011): Adding 0 node(s), including 0 DDIO, 0 PLL, 0 transceiver and 0 LCELL
Info (21057): Implemented 304 device resources after synthesis - the final resource count might be different
    Info (21058): Implemented 2 input pins
    Info (21059): Implemented 42 output pins
    Info (21061): Implemented 260 logic cells
Info: Quartus Prime Analysis & Synthesis was successful. 0 errors, 13 warnings
    Info: Peak virtual memory: 5043 megabytes
    Info: Processing ended: Thu Feb 11 23:06:12 2021
    Info: Elapsed time: 00:00:32
    Info: Total CPU time (on all processors): 00:00:52


